Start testing: Dec 16 08:03 PST
----------------------------------------------------------
32/169 Testing: arp_network_interface
32/169 Test: arp_network_interface
Command: "/home/cs144/sponge/build/tests/net_interface"
Directory: /home/cs144/sponge/build
"arp_network_interface" start time: Dec 16 08:03 PST
Output:
----------------------------------------------------------
DEBUG: Network interface has Ethernet address d6:f8:9d:b3:ac:5a and IP address 4.3.2.1
DEBUG: Network interface has Ethernet address 9a:76:86:3f:6c:91 and IP address 5.5.5.5
DEBUG: Network interface has Ethernet address f2:6d:cb:29:30:87 and IP address 5.5.5.5
DEBUG: Network interface has Ethernet address 2a:14:5c:93:13:19 and IP address 1.2.3.4
DEBUG: Network interface has Ethernet address fe:70:dc:64:a4:6e and IP address 4.3.2.1
DEBUG: Network interface has Ethernet address 2e:c0:59:53:8a:f2 and IP address 10.0.0.1
<end of output>
Test time =   0.00 sec
----------------------------------------------------------
Test Passed.
"arp_network_interface" end time: Dec 16 08:03 PST
"arp_network_interface" time elapsed: 00:00:00
----------------------------------------------------------

33/169 Testing: router_test
33/169 Test: router_test
Command: "/home/cs144/sponge/build/apps/network_simulator"
Directory: /home/cs144/sponge/build
"router_test" start time: Dec 16 08:03 PST
Output:
----------------------------------------------------------
[32;1mConstructing network.[m
DEBUG: Network interface has Ethernet address 02:00:00:58:57:6e and IP address 171.67.76.46
DEBUG: Network interface has Ethernet address 02:00:00:84:9b:81 and IP address 10.0.0.1
DEBUG: Network interface has Ethernet address 02:00:00:b7:29:ad and IP address 172.16.0.1
DEBUG: Network interface has Ethernet address 02:00:00:54:32:2f and IP address 192.168.0.1
DEBUG: Network interface has Ethernet address 02:00:00:f4:f8:2a and IP address 198.178.229.1
DEBUG: Network interface has Ethernet address 02:00:00:b4:8e:7a and IP address 143.195.0.2
DEBUG: Network interface has Ethernet address 02:00:00:50:0f:93 and IP address 128.30.76.255
DEBUG: Network interface has Ethernet address 46:12:d8:9b:21:0d and IP address 10.0.0.2
DEBUG: Network interface has Ethernet address e2:9d:fe:d6:4a:0d and IP address 171.67.76.1
DEBUG: Network interface has Ethernet address 22:e7:cc:0d:e5:bd and IP address 192.168.0.2
DEBUG: Network interface has Ethernet address de:ab:aa:bd:6e:ea and IP address 143.195.0.1
DEBUG: Network interface has Ethernet address f6:6a:f8:a6:2d:68 and IP address 198.178.229.42
DEBUG: Network interface has Ethernet address fe:59:da:24:3b:05 and IP address 198.178.229.43
DEBUG: adding route 0.0.0.0/0 => 171.67.76.1 on interface 0
DEBUG: adding route 10.0.0.0/8 => (direct) on interface 1
DEBUG: adding route 172.16.0.0/16 => (direct) on interface 2
DEBUG: adding route 192.168.0.0/24 => (direct) on interface 3
DEBUG: adding route 198.178.229.0/24 => (direct) on interface 4
DEBUG: adding route 143.195.0.0/17 => 143.195.0.1 on interface 5
DEBUG: adding route 143.195.128.0/18 => 143.195.0.1 on interface 5
DEBUG: adding route 143.195.192.0/19 => 143.195.0.1 on interface 5
DEBUG: adding route 128.30.76.255/16 => 128.30.0.1 on interface 6
[32;1m

Testing traffic between two ordinary hosts (applesauce to cherrypie)...[m

Host applesauce trying to send datagram (with next hop = 10.0.0.1): IPv4, len=30, protocol=6, src=10.0.0.2, dst=192.168.0.2 payload="random payload: {3196637772}"
Transferring frame from applesauce to router.eth0: dst=ff:ff:ff:ff:ff:ff, src=46:12:d8:9b:21:0d, type=ARP opcode=REQUEST, sender=46:12:d8:9b:21:0d/10.0.0.2, target=00:00:00:00:00:00/10.0.0.1
Transferring frame from router.eth0 to applesauce: dst=46:12:d8:9b:21:0d, src=02:00:00:84:9b:81, type=ARP opcode=REPLY, sender=02:00:00:84:9b:81/10.0.0.1, target=46:12:d8:9b:21:0d/10.0.0.2
Transferring frame from applesauce to router.eth0: dst=02:00:00:84:9b:81, src=46:12:d8:9b:21:0d, type=IPv4 IPv4, len=30, protocol=6, src=10.0.0.2, dst=192.168.0.2 payload="random payload: {3196637772}"
Transferring frame from router.eth2 to cherrypie: dst=ff:ff:ff:ff:ff:ff, src=02:00:00:54:32:2f, type=ARP opcode=REQUEST, sender=02:00:00:54:32:2f/192.168.0.1, target=00:00:00:00:00:00/192.168.0.2
Transferring frame from cherrypie to router.eth2: dst=02:00:00:54:32:2f, src=22:e7:cc:0d:e5:bd, type=ARP opcode=REPLY, sender=22:e7:cc:0d:e5:bd/192.168.0.2, target=02:00:00:54:32:2f/192.168.0.1
Transferring frame from router.eth2 to cherrypie: dst=22:e7:cc:0d:e5:bd, src=02:00:00:54:32:2f, type=IPv4 IPv4, len=30, protocol=6, src=10.0.0.2, dst=192.168.0.2 payload="random payload: {3196637772}"
[32;1m

Testing traffic between two ordinary hosts (cherrypie to applesauce)...[m

Host cherrypie trying to send datagram (with next hop = 192.168.0.1): IPv4, len=30, protocol=6, src=192.168.0.2, dst=10.0.0.2 payload="random payload: {1703726954}"
Transferring frame from cherrypie to router.eth2: dst=02:00:00:54:32:2f, src=22:e7:cc:0d:e5:bd, type=IPv4 IPv4, len=30, protocol=6, src=192.168.0.2, dst=10.0.0.2 payload="random payload: {1703726954}"
Transferring frame from router.eth0 to applesauce: dst=46:12:d8:9b:21:0d, src=02:00:00:84:9b:81, type=IPv4 IPv4, len=30, protocol=6, src=192.168.0.2, dst=10.0.0.2 payload="random payload: {1703726954}"
[32;1m

Success! Testing applesauce sending to the Internet.[m

Host applesauce trying to send datagram (with next hop = 10.0.0.1): IPv4, len=30, protocol=6, src=10.0.0.2, dst=1.2.3.4 payload="random payload: {1473633228}"
Transferring frame from applesauce to router.eth0: dst=02:00:00:84:9b:81, src=46:12:d8:9b:21:0d, type=IPv4 IPv4, len=30, protocol=6, src=10.0.0.2, dst=1.2.3.4 payload="random payload: {1473633228}"
Transferring frame from router.default to default_router: dst=ff:ff:ff:ff:ff:ff, src=02:00:00:58:57:6e, type=ARP opcode=REQUEST, sender=02:00:00:58:57:6e/171.67.76.46, target=00:00:00:00:00:00/171.67.76.1
Transferring frame from default_router to router.default: dst=02:00:00:58:57:6e, src=e2:9d:fe:d6:4a:0d, type=ARP opcode=REPLY, sender=e2:9d:fe:d6:4a:0d/171.67.76.1, target=02:00:00:58:57:6e/171.67.76.46
Transferring frame from router.default to default_router: dst=e2:9d:fe:d6:4a:0d, src=02:00:00:58:57:6e, type=IPv4 IPv4, len=30, protocol=6, src=10.0.0.2, dst=1.2.3.4 payload="random payload: {1473633228}"
[32;1m

Success! Testing sending to the HS network and Internet.[m

Host applesauce trying to send datagram (with next hop = 10.0.0.1): IPv4, len=30, protocol=6, src=10.0.0.2, dst=143.195.131.17 payload="random payload: {2960144000}"
Transferring frame from applesauce to router.eth0: dst=02:00:00:84:9b:81, src=46:12:d8:9b:21:0d, type=IPv4 IPv4, len=30, protocol=6, src=10.0.0.2, dst=143.195.131.17 payload="random payload: {2960144000}"
Transferring frame from router.hs4 to hs_router: dst=ff:ff:ff:ff:ff:ff, src=02:00:00:b4:8e:7a, type=ARP opcode=REQUEST, sender=02:00:00:b4:8e:7a/143.195.0.2, target=00:00:00:00:00:00/143.195.0.1
Transferring frame from hs_router to router.hs4: dst=02:00:00:b4:8e:7a, src=de:ab:aa:bd:6e:ea, type=ARP opcode=REPLY, sender=de:ab:aa:bd:6e:ea/143.195.0.1, target=02:00:00:b4:8e:7a/143.195.0.2
Transferring frame from router.hs4 to hs_router: dst=de:ab:aa:bd:6e:ea, src=02:00:00:b4:8e:7a, type=IPv4 IPv4, len=30, protocol=6, src=10.0.0.2, dst=143.195.131.17 payload="random payload: {2960144000}"
Host cherrypie trying to send datagram (with next hop = 192.168.0.1): IPv4, len=30, protocol=6, src=192.168.0.2, dst=143.195.193.52 payload="random payload: {2730519446}"
Transferring frame from cherrypie to router.eth2: dst=02:00:00:54:32:2f, src=22:e7:cc:0d:e5:bd, type=IPv4 IPv4, len=30, protocol=6, src=192.168.0.2, dst=143.195.193.52 payload="random payload: {2730519446}"
Transferring frame from router.hs4 to hs_router: dst=de:ab:aa:bd:6e:ea, src=02:00:00:b4:8e:7a, type=IPv4 IPv4, len=30, protocol=6, src=192.168.0.2, dst=143.195.193.52 payload="random payload: {2730519446}"
Host cherrypie trying to send datagram (with next hop = 192.168.0.1): IPv4, len=2f, protocol=6, src=192.168.0.2, dst=143.195.223.255 payload="random payload: {224320525}"
Transferring frame from cherrypie to router.eth2: dst=02:00:00:54:32:2f, src=22:e7:cc:0d:e5:bd, type=IPv4 IPv4, len=2f, protocol=6, src=192.168.0.2, dst=143.195.223.255 payload="random payload: {224320525}"
Transferring frame from router.hs4 to hs_router: dst=de:ab:aa:bd:6e:ea, src=02:00:00:b4:8e:7a, type=IPv4 IPv4, len=2f, protocol=6, src=192.168.0.2, dst=143.195.223.255 payload="random payload: {224320525}"
Host cherrypie trying to send datagram (with next hop = 192.168.0.1): IPv4, len=2f, protocol=6, src=192.168.0.2, dst=143.195.224.0 payload="random payload: {847223081}"
Transferring frame from cherrypie to router.eth2: dst=02:00:00:54:32:2f, src=22:e7:cc:0d:e5:bd, type=IPv4 IPv4, len=2f, protocol=6, src=192.168.0.2, dst=143.195.224.0 payload="random payload: {847223081}"
Transferring frame from router.default to default_router: dst=e2:9d:fe:d6:4a:0d, src=02:00:00:58:57:6e, type=IPv4 IPv4, len=2f, protocol=6, src=192.168.0.2, dst=143.195.224.0 payload="random payload: {847223081}"
[32;1m

Success! Testing two hosts on the same network (dm42 to dm43)...[m

Host dm42 trying to send datagram (with next hop = 198.178.229.1): IPv4, len=30, protocol=6, src=198.178.229.42, dst=198.178.229.43 payload="random payload: {4039560632}"
Transferring frame from dm42 to router.uun3: dst=ff:ff:ff:ff:ff:ff, src=f6:6a:f8:a6:2d:68, type=ARP opcode=REQUEST, sender=f6:6a:f8:a6:2d:68/198.178.229.42, target=00:00:00:00:00:00/198.178.229.1
Transferring frame from dm42 to dm43: dst=ff:ff:ff:ff:ff:ff, src=f6:6a:f8:a6:2d:68, type=ARP opcode=REQUEST, sender=f6:6a:f8:a6:2d:68/198.178.229.42, target=00:00:00:00:00:00/198.178.229.1
Transferring frame from router.uun3 to dm42: dst=f6:6a:f8:a6:2d:68, src=02:00:00:f4:f8:2a, type=ARP opcode=REPLY, sender=02:00:00:f4:f8:2a/198.178.229.1, target=f6:6a:f8:a6:2d:68/198.178.229.42
Transferring frame from router.uun3 to dm43: dst=f6:6a:f8:a6:2d:68, src=02:00:00:f4:f8:2a, type=ARP opcode=REPLY, sender=02:00:00:f4:f8:2a/198.178.229.1, target=f6:6a:f8:a6:2d:68/198.178.229.42
Transferring frame from dm42 to router.uun3: dst=02:00:00:f4:f8:2a, src=f6:6a:f8:a6:2d:68, type=IPv4 IPv4, len=30, protocol=6, src=198.178.229.42, dst=198.178.229.43 payload="random payload: {4039560632}"
Transferring frame from dm42 to dm43: dst=02:00:00:f4:f8:2a, src=f6:6a:f8:a6:2d:68, type=IPv4 IPv4, len=30, protocol=6, src=198.178.229.42, dst=198.178.229.43 payload="random payload: {4039560632}"
Transferring frame from router.uun3 to dm42: dst=ff:ff:ff:ff:ff:ff, src=02:00:00:f4:f8:2a, type=ARP opcode=REQUEST, sender=02:00:00:f4:f8:2a/198.178.229.1, target=00:00:00:00:00:00/198.178.229.43
Transferring frame from router.uun3 to dm43: dst=ff:ff:ff:ff:ff:ff, src=02:00:00:f4:f8:2a, type=ARP opcode=REQUEST, sender=02:00:00:f4:f8:2a/198.178.229.1, target=00:00:00:00:00:00/198.178.229.43
Transferring frame from dm43 to router.uun3: dst=02:00:00:f4:f8:2a, src=fe:59:da:24:3b:05, type=ARP opcode=REPLY, sender=fe:59:da:24:3b:05/198.178.229.43, target=02:00:00:f4:f8:2a/198.178.229.1
Transferring frame from dm43 to dm42: dst=02:00:00:f4:f8:2a, src=fe:59:da:24:3b:05, type=ARP opcode=REPLY, sender=fe:59:da:24:3b:05/198.178.229.43, target=02:00:00:f4:f8:2a/198.178.229.1
Transferring frame from router.uun3 to dm42: dst=fe:59:da:24:3b:05, src=02:00:00:f4:f8:2a, type=IPv4 IPv4, len=30, protocol=6, src=198.178.229.42, dst=198.178.229.43 payload="random payload: {4039560632}"
Transferring frame from router.uun3 to dm43: dst=fe:59:da:24:3b:05, src=02:00:00:f4:f8:2a, type=IPv4 IPv4, len=30, protocol=6, src=198.178.229.42, dst=198.178.229.43 payload="random payload: {4039560632}"
[32;1m

Success! Testing TTL expiration...[m

Host applesauce trying to send datagram (with next hop = 10.0.0.1): IPv4, len=2f, protocol=6, ttl=1, src=10.0.0.2, dst=1.2.3.4 payload="random payload: {168196728}"
Transferring frame from applesauce to router.eth0: dst=02:00:00:84:9b:81, src=46:12:d8:9b:21:0d, type=IPv4 IPv4, len=2f, protocol=6, ttl=1, src=10.0.0.2, dst=1.2.3.4 payload="random payload: {168196728}"
Host applesauce trying to send datagram (with next hop = 10.0.0.1): IPv4, len=30, protocol=6, ttl=0, src=10.0.0.2, dst=1.2.3.4 payload="random payload: {3244584751}"
Transferring frame from applesauce to router.eth0: dst=02:00:00:84:9b:81, src=46:12:d8:9b:21:0d, type=IPv4 IPv4, len=30, protocol=6, ttl=0, src=10.0.0.2, dst=1.2.3.4 payload="random payload: {3244584751}"


[32;1mCongratulations! All datagrams were routed successfully.[m
<end of output>
Test time =   0.01 sec
----------------------------------------------------------
Test Passed.
"router_test" end time: Dec 16 08:03 PST
"router_test" time elapsed: 00:00:00
----------------------------------------------------------

End testing: Dec 16 08:03 PST
